<testsuites id="" name="" tests="2" failures="1" skipped="0" errors="0" time="39.698693">
<testsuite name="src/tests/demoqa/demoqa.spec.ts" timestamp="2024-11-02T21:50:23.809Z" hostname="" tests="2" failures="1" skipped="0" time="37.465" errors="0">
<testcase name="Execute progress bar" classname="src/tests/demoqa/demoqa.spec.ts" time="35.651">
<failure message="demoqa.spec.ts:28:5 Execute progress bar" type="FAILURE">
<![CDATA[  src/tests/demoqa/demoqa.spec.ts:28:5 › Execute progress bar ──────────────────────────────────────

    Test timeout of 30000ms exceeded.

    Error: page.goto: Test timeout of 30000ms exceeded.
    Call log:
      - navigating to "https://demoqa.com/elements", waiting until "load"


      28 | test('Execute progress bar', async ({ page }) => {
      29 |   let demoqatest = new DemoQAClass(page);
    > 30 |   await page.goto("https://demoqa.com/elements");
         |              ^
      31 |   await demoqatest.executeProgressBar();
      32 |   await demoqatest.selectStateCity();
      33 | });

        at /Users/hmdraza9/Documents/Work/PlaywrightFramework/src/tests/demoqa/demoqa.spec.ts:30:14

    attachment #1: video (video/webm) ──────────────────────────────────────────────────────────────
    test-results/src-tests-demoqa-demoqa-Execute-progress-bar/video.webm
    ────────────────────────────────────────────────────────────────────────────────────────────────
]]>
</failure>
<system-out>
<![CDATA[
[[ATTACHMENT|test-results/src-tests-demoqa-demoqa-Execute-progress-bar/video.webm]]
]]>
</system-out>
</testcase>
<testcase name="Select element" classname="src/tests/demoqa/demoqa.spec.ts" time="1.814">
<system-out>
<![CDATA[
[[ATTACHMENT|test-results/src-tests-demoqa-demoqa-Select-element/test-finished-1.png]]

[[ATTACHMENT|test-results/src-tests-demoqa-demoqa-Select-element/video.webm]]
]]>
</system-out>
</testcase>
</testsuite>
</testsuites>